[1/16] rd_spots ...
    done: {'name': 'rd_spots', 'frames': 101, 'size': '128x128 grid', 'dt': 18.3, 'metric': 'contrast', 'value': 0.167, 'extra': 'B_area=0.233', 'ok': True}
[2/16] rd_gliders ...
    done: {'name': 'rd_gliders', 'frames': 101, 'size': '128x128 grid', 'dt': 32.1, 'metric': 'contrast', 'value': 0.1783, 'extra': 'B_area=0.081', 'ok': True}
[3/16] rd_bubbles ...
    done: {'name': 'rd_bubbles', 'frames': 101, 'size': '128x128 grid', 'dt': 17.8, 'metric': 'contrast', 'value': 0.1585, 'extra': 'B_area=0.090', 'ok': True}
[4/16] rd_maze ...
    done: {'name': 'rd_maze', 'frames': 101, 'size': '128x128 grid', 'dt': 35.8, 'metric': 'contrast', 'value': 0.1418, 'extra': 'B_area=0.421', 'ok': True}
[5/16] rd_worms ...
    done: {'name': 'rd_worms', 'frames': 101, 'size': '128x128 grid', 'dt': 28.4, 'metric': 'contrast', 'value': 0.1978, 'extra': 'B_area=0.358', 'ok': True}
[7/16] wave_inclusions ...
    done: {'name': 'wave_inclusions', 'frames': 151, 'size': '256x256 grid', 'dt': 9.2, 'metric': 'max_amp', 'value': 2.369, 'extra': 'E_end/E_0=0.074', 'ok': True}
[8/16] wave_split ...
    done: {'name': 'wave_split', 'frames': 151, 'size': '256x256 grid', 'dt': 8.8, 'metric': 'max_amp', 'value': 1.264, 'extra': 'E_end/E_0=0.072', 'ok': True}
[9/16] wave_lens ...
    done: {'name': 'wave_lens', 'frames': 131, 'size': '256x256 grid', 'dt': 7.4, 'metric': 'max_amp', 'value': 1.628, 'extra': 'E_end/E_0=0.058', 'ok': True}
[10/16] wave_gradient ...
    done: {'name': 'wave_gradient', 'frames': 151, 'size': '256x256 grid', 'dt': 8.4, 'metric': 'max_amp', 'value': 1.488, 'extra': 'E_end/E_0=0.030', 'ok': True}
[11/16] wave_double_slit ...
    done: {'name': 'wave_double_slit', 'frames': 131, 'size': '256x256 grid', 'dt': 9.1, 'metric': 'max_amp', 'value': 2.085, 'extra': 'E_end/E_0=0.069', 'ok': True}
[12/16] wave_maze ...
    done: {'name': 'wave_maze', 'frames': 151, 'size': '256x256 grid', 'dt': 11.4, 'metric': 'max_amp', 'value': 2.062, 'extra': 'E_end/E_0=0.656', 'ok': True}
[13/16] am_flock ...
    done: {'name': 'am_flock', 'frames': 201, 'size': '4000 particles', 'dt': 37.5, 'metric': 'order_phi', 'value': 0.992, 'extra': 'phi_0=0.10', 'ok': True}
[14/16] am_disorder ...
    done: {'name': 'am_disorder', 'frames': 201, 'size': '4000 particles', 'dt': 46.8, 'metric': 'order_phi', 'value': 0.526, 'extra': 'phi_0=0.06', 'ok': True}
[15/16] am_bands ...
    done: {'name': 'am_bands', 'frames': 201, 'size': '4000 particles', 'dt': 43.5, 'metric': 'order_phi', 'value': 0.939, 'extra': 'phi_0=0.08', 'ok': True}
[16/16] am_swirl ...
    done: {'name': 'am_swirl', 'frames': 201, 'size': '4000 particles', 'dt': 39.2, 'metric': 'order_phi', 'value': 0.977, 'extra': 'phi_0=0.05', 'ok': True}
[suite done] 15/15 ok -> results.md
