/workspace/.conda_envs/neural-graph-linux/lib/python3.12/site-packages/requests/__init__.py:113: RequestsDependencyWarning: urllib3 (1.26.20) or chardet (7.0.1)/charset_normalizer (3.4.4) doesn't match a supported version!
  warnings.warn(
Traceback (most recent call last):
  File "/workspace/TissueGraph/prototype/forage_loop.py", line 161, in <module>
    main()
  File "/workspace/TissueGraph/prototype/forage_loop.py", line 118, in main
    init_food = render_winner(init_u, "initial.gif", fps=40)
                ^^^^^^^^^^^^^^^^^^^^^^^^^^^^^^^^^^^^^^^^^^^^
  File "/workspace/TissueGraph/prototype/forage_loop.py", line 61, in render_winner
    _, a = engine2.run(sc, None, device=DEVICE)
           ^^^^^^^^^^^^^^^^^^^^^^^^^^^^^^^^^^^^
  File "/workspace/TissueGraph/prototype/engine2.py", line 220, in run
    for _, d in ob(H, _mask(H, sel)).items():
                ^^^^^^^^^^^^^^^^^^^^
  File "/workspace/.conda_envs/neural-graph-linux/lib/python3.12/site-packages/torch/nn/modules/module.py", line 1775, in _wrapped_call_impl
    return self._call_impl(*args, **kwargs)
           ^^^^^^^^^^^^^^^^^^^^^^^^^^^^^^^^
  File "/workspace/.conda_envs/neural-graph-linux/lib/python3.12/site-packages/torch/nn/modules/module.py", line 1786, in _call_impl
    return forward_call(*args, **kwargs)
           ^^^^^^^^^^^^^^^^^^^^^^^^^^^^^
  File "/workspace/TissueGraph/prototype/mpm.py", line 134, in forward
    X, V, C, F = fn(X, V, C, F, p.mass, p.mu, p.la, a_ext, offsets,
                 ^^^^^^^^^^^^^^^^^^^^^^^^^^^^^^^^^^^^^^^^^^^^^^^^^^
  File "/workspace/TissueGraph/prototype/mpm.py", line 71, in mlsmpm_substep
    grid_mv.index_add_(0, flat, (weight[..., None] * mom).reshape(-1, 2))
KeyboardInterrupt
