[1/14] ob_dam_break ...
    done: {'name': 'ob_dam_break', 'frames': 181, 'particles': 9000, 'flatness': 0.028934907168149948, 'wall_stuck': 0.0, 'ymin': 0.01575833559036255, 'ymax': 0.48820072412490845, 'xspread': 0.9679788947105408}
[2/14] ob_dam_viscous ...
    done: {'name': 'ob_dam_viscous', 'frames': 181, 'particles': 9000, 'flatness': 0.012146171182394028, 'wall_stuck': 0.0, 'ymin': 0.015937326475977898, 'ymax': 0.19075696170330048, 'xspread': 0.9678630232810974}
[3/14] ob_funnel ...
    done: {'name': 'ob_funnel', 'frames': 201, 'particles': 7000, 'flatness': 0.03830185197907878, 'wall_stuck': 0.0, 'ymin': 0.01705773174762726, 'ymax': 0.6157742142677307, 'xspread': 0.4515194594860077}
[4/14] ob_leak_tank ...
    done: {'name': 'ob_leak_tank', 'frames': 221, 'particles': 8000, 'flatness': 0.006960421370495287, 'wall_stuck': 0.0, 'ymin': 0.015719233080744743, 'ymax': 0.5013529062271118, 'xspread': 0.7602187991142273}
[5/14] ob_pillars ...
    done: {'name': 'ob_pillars', 'frames': 181, 'particles': 7000, 'flatness': 0.10911641269922256, 'wall_stuck': 0.0, 'ymin': 0.015730785205960274, 'ymax': 0.3106948435306549, 'xspread': 0.9673798084259033}
[6/14] ob_wedge ...
    done: {'name': 'ob_wedge', 'frames': 221, 'particles': 7000, 'flatness': 0.07429088652133942, 'wall_stuck': 0.0, 'ymin': 0.05772195756435394, 'ymax': 0.4747087061405182, 'xspread': 0.9625889658927917}
[7/14] ob_zigzag ...
    done: {'name': 'ob_zigzag', 'frames': 221, 'particles': 7000, 'flatness': 0.11396388709545135, 'wall_stuck': 0.0, 'ymin': 0.016442248597741127, 'ymax': 0.7538810968399048, 'xspread': 0.9678894877433777}
[8/14] ph_coalesce ...
    done: {'name': 'ph_coalesce', 'frames': 101, 'particles': 7000, 'flatness': 0.027701334576242638, 'wall_stuck': 0.0, 'ymin': 0.41296839714050293, 'ymax': 0.6569464802742004, 'xspread': 0.4111256003379822}
[9/14] ph_slosh ...
    done: {'name': 'ph_slosh', 'frames': 201, 'particles': 9000, 'flatness': 0.11929554647055193, 'wall_stuck': 0.0, 'ymin': 0.01675141043961048, 'ymax': 0.4528217017650604, 'xspread': 0.8452343940734863}
[10/14] ph_hydrostatic ...
    done: {'name': 'ph_hydrostatic', 'frames': 141, 'particles': 10000, 'flatness': 0.004039503633975983, 'wall_stuck': 0.0, 'ymin': 0.016510052606463432, 'ymax': 0.2354479879140854, 'xspread': 0.9663321375846863}
[11/14] ph_snow_pile ...
    done: {'name': 'ph_snow_pile', 'frames': 161, 'particles': 6000, 'flatness': 0.40178512441634995, 'wall_stuck': 0.0, 'ymin': 0.027156755328178406, 'ymax': 0.9773053526878357, 'xspread': 0.8209431171417236}
[12/14] ph_snow_funnel ...
    done: {'name': 'ph_snow_funnel', 'frames': 181, 'particles': 6000, 'flatness': 0.12856152998482662, 'wall_stuck': 0.0, 'ymin': 0.0278862826526165, 'ymax': 0.9695849418640137, 'xspread': 0.40015745162963867}
[13/14] ph_balls_bowl ...
    done: {'name': 'ph_balls_bowl', 'frames': 161, 'particles': 7200, 'flatness': 0.011329367915237474, 'wall_stuck': 0.0, 'ymin': 0.163273885846138, 'ymax': 0.32518380880355835, 'xspread': 0.34778913855552673}
[14/14] ph_crown_splash ...
    done: {'name': 'ph_crown_splash', 'frames': 181, 'particles': 14000, 'flatness': 0.031745653599500656, 'wall_stuck': 0.0, 'ymin': 0.0165447685867548, 'ymax': 0.3170074224472046, 'xspread': 0.9686790704727173}
[suite done] 14/14 ok -> /tmp/overnight/results.md, /tmp/overnight/gallery.png
